pbniregex.sln
pbniregex.vcproj
pbniregex.vcproj.conceptware.sebastien.user
pbniregex.suo

main.cpp
main.h
pbniregex.cpp
pbniregex.h
resource.h
strconv.cpp
strconv.h
pbniregex.rc
pbx2pbd90.bat

pbniregex90.pbd
pbniregex90.pbx
pbniregex100.pbd
pbniregex100.pbx
pbniregex105.pbd
pbniregex105.pbx
pbniregex115.pbd
pbniregex115.pbx

worksp*.pbw
regexdemo*.pbl
regexdemo*.pbt
regexdemo.ini
regexdemo_unittests.xml
pbregexcoach.pbr
pbregexcoach*.exe

readme.txt
help-en.txt
history_pbniregex.txt
license.txt
pcre_licence.txt
pcrepattern.html

close.bmp
lampe.ico
lampe-legacy.ico

makedistzip.bat
distfiles.lst

libpcre
pb_src
stuff
